[07:13:49] [ServerMain/INFO]: Environment: Environment[sessionHost=https://sessionserver.mojang.com, servicesHost=https://api.minecraftservices.com, name=PROD]
[07:13:49] [ServerMain/INFO]: Found new data pack file/bukkit, loading it automatically
[07:13:51] [ServerMain/INFO]: No existing world data, creating new world
[07:13:52] [ServerMain/INFO]: Loaded 1174 recipes
[07:13:53] [ServerMain/INFO]: Loaded 1271 advancements
[07:13:53] [Server thread/INFO]: Starting minecraft server version 1.20.4
[07:13:53] [Server thread/INFO]: Loading properties
[07:13:53] [Server thread/INFO]: This server is running Paper version git-Paper-499 (MC: 1.20.4) (Implementing API version 1.20.4-R0.1-SNAPSHOT) (Git: 9de3f75 on ver/1.20.4)
[07:13:55] [Server thread/INFO]: Server Ping Player Sample Count: 12
[07:13:55] [Server thread/INFO]: Using 4 threads for Netty based IO
[07:13:56] [Server thread/WARN]: [!] The timings profiler has been enabled but has been scheduled for removal from Paper in the future.
    We recommend installing the spark profiler as a replacement: https://spark.lucko.me/
    For more information please visit: https://github.com/PaperMC/Paper/issues/8948
[07:13:56] [Server thread/INFO]: [ChunkTaskScheduler] Chunk system is using 1 I/O threads, 1 worker threads, and gen parallelism of 1 threads
[07:13:56] [Server thread/INFO]: Default game type: SURVIVAL
[07:13:56] [Server thread/INFO]: Generating keypair
[07:13:56] [Server thread/INFO]: Starting Minecraft server on *:25565
[07:13:57] [Server thread/INFO]: Using epoll channel type
[07:13:57] [Server thread/INFO]: Paper: Using libdeflate (Linux x86_64) compression from Velocity.
[07:13:57] [Server thread/INFO]: Paper: Using OpenSSL 3.0.x (Linux x86_64) cipher from Velocity.
[07:13:57] [Server thread/WARN]: **** SERVER IS RUNNING IN OFFLINE/INSECURE MODE!
[07:13:57] [Server thread/WARN]: The server will make no attempt to authenticate usernames. Beware.
[07:13:57] [Server thread/WARN]: While this makes the game possible to play without internet access, it also opens up the ability for hackers to connect with any username they choose.
[07:13:57] [Server thread/WARN]: To change this, set "online-mode" to "true" in the server.properties file.
[07:13:57] [Server thread/INFO]: Preparing level "world"
[07:15:17] [Server thread/INFO]: Preparing start region for dimension minecraft:overworld
[07:15:18] [Server thread/INFO]: Time elapsed: 1054 ms
[07:15:18] [Server thread/INFO]: Preparing start region for dimension minecraft:the_nether
[07:15:19] [Server thread/INFO]: Time elapsed: 1601 ms
[07:15:19] [Server thread/INFO]: Preparing start region for dimension minecraft:the_end
[07:15:21] [Server thread/INFO]: Time elapsed: 1271 ms
[07:15:21] [Server thread/INFO]: Starting remote control listener
[07:15:21] [Server thread/INFO]: Thread RCON Listener started
[07:15:21] [Server thread/INFO]: RCON running on 0.0.0.0:25575
[07:15:21] [Server thread/INFO]: Running delayed init tasks
[07:15:21] [Server thread/INFO]: Done (88.242s)! For help, type "help"
[07:15:21] [Server thread/INFO]: Timings Reset
[07:16:23] [RCON Listener #1/INFO]: Thread RCON Client /0:0:0:0:0:0:0:1 started
[07:16:23] [Server thread/INFO]: [Rcon: Stopping the server]
[07:16:23] [Server thread/INFO]: Stopping server
[07:16:23] [RCON Client /0:0:0:0:0:0:0:1 #2/INFO]: Thread RCON Client /0:0:0:0:0:0:0:1 shutting down
[07:16:23] [Server thread/INFO]: Saving players
[07:16:23] [Server thread/INFO]: Saving worlds
[07:16:23] [Server thread/INFO]: Saving chunks for level 'ServerLevel[world]'/minecraft:overworld
[07:16:23] [Server thread/INFO]: [ChunkHolderManager] Waiting 60s for chunk system to halt for world 'world'
[07:16:23] [Server thread/INFO]: [ChunkHolderManager] Halted chunk system for world 'world'
[07:16:23] [Server thread/INFO]: [ChunkHolderManager] Saving all chunkholders for world 'world'
