[18:32:50] [ServerMain/INFO]: [bootstrap] Running Java 21 (OpenJDK 64-Bit Server VM 21.0.9+10-LTS; Eclipse Adoptium Temurin-21.0.9+10) on Linux 6.14.0-1018-aws (amd64)
[18:32:50] [ServerMain/INFO]: [bootstrap] Loading Paper 1.21.11-39-main@e5e2c50 (2025-12-12T22:00:30Z) for Minecraft 1.21.11
[18:32:50] [ServerMain/INFO]: [PluginInitializerManager] Initializing plugins...
[18:32:50] [ServerMain/INFO]: [PluginInitializerManager] Initialized 0 plugins
[18:33:00] [ServerMain/INFO]: Environment: Environment[sessionHost=https://sessionserver.mojang.com, servicesHost=https://api.minecraftservices.com, profilesHost=https://api.mojang.com, name=PROD]
[18:33:04] [ServerMain/INFO]: Loaded 1470 recipes
[18:33:04] [ServerMain/INFO]: Loaded 1584 advancements
[18:33:04] [ServerMain/INFO]: [ca.spottedleaf.dataconverter.minecraft.datatypes.MCTypeRegistry] Initialising converters for DataConverter...
[18:33:05] [ServerMain/INFO]: [ca.spottedleaf.dataconverter.minecraft.datatypes.MCTypeRegistry] Finished initialising converters for DataConverter in 1,057.5ms
[18:33:05] [Server thread/INFO]: Starting minecraft server version 1.21.11
[18:33:05] [Server thread/INFO]: Loading properties
[18:33:06] [Server thread/INFO]: This server is running Paper version 1.21.11-39-main@e5e2c50 (2025-12-12T22:00:30Z) (Implementing API version 1.21.11-R0.1-SNAPSHOT)
[18:33:06] [Server thread/INFO]: [spark] This server bundles the spark profiler. For more information please visit https://docs.papermc.io/paper/profiling
[18:33:06] [Server thread/INFO]: Server Ping Player Sample Count: 12
[18:33:06] [Server thread/INFO]: Using 4 threads for Netty based IO
[18:33:07] [Server thread/INFO]: [MoonriseCommon] Paper is using 1 worker threads, 1 I/O threads
[18:33:08] [Server thread/INFO]: Default game type: SURVIVAL
[18:33:08] [Server thread/INFO]: Generating keypair
[18:33:08] [Server thread/INFO]: Starting Minecraft server on *:25565
[18:33:08] [Server thread/INFO]: Paper: Using libdeflate (Linux x86_64) compression from Velocity.
[18:33:08] [Server thread/INFO]: Paper: Using OpenSSL 3.x.x (Linux x86_64) cipher from Velocity.
[18:33:08] [Server thread/INFO]: Server permissions file permissions.yml is empty, ignoring it
[18:33:08] [Server thread/WARN]: **** SERVER IS RUNNING IN OFFLINE/INSECURE MODE!
[18:33:08] [Server thread/WARN]: The server will make no attempt to authenticate usernames. Beware.
[18:33:08] [Server thread/WARN]: While this makes the game possible to play without internet access, it also opens up the ability for hackers to connect with any username they choose.
[18:33:08] [Server thread/WARN]: To change this, set "online-mode" to "true" in the server.properties file.
[18:33:08] [Server thread/INFO]: Preparing level "world"
[18:33:09] [Server thread/INFO]: Loading 0 persistent chunks for world 'minecraft:overworld'...
[18:33:09] [Server thread/INFO]: Preparing spawn area: 100%
[18:33:09] [Server thread/INFO]: Prepared spawn area in 5 ms
[18:33:09] [Server thread/INFO]: Loading 0 persistent chunks for world 'minecraft:the_nether'...
[18:33:09] [Server thread/INFO]: Preparing spawn area: 100%
[18:33:09] [Server thread/INFO]: Prepared spawn area in 3 ms
[18:33:09] [Server thread/INFO]: Loading 0 persistent chunks for world 'minecraft:the_end'...
[18:33:09] [Server thread/INFO]: Preparing spawn area: 100%
[18:33:09] [Server thread/INFO]: Prepared spawn area in 6 ms
[18:33:09] [Server thread/INFO]: Done preparing level "world" (1.234s)
[18:33:09] [Server thread/INFO]: [spark] Starting background profiler...
[18:33:10] [Server thread/INFO]: Starting remote control listener
[18:33:10] [Server thread/INFO]: Thread RCON Listener started
[18:33:10] [Server thread/INFO]: RCON running on 0.0.0.0:25575
[18:33:10] [Server thread/INFO]: Running delayed init tasks
[18:33:10] [Server thread/INFO]: Done (21.081s)! For help, type "help"
[18:33:59] [User Authenticator #0/INFO]: UUID of player GERMANDL is 9ba8656a-1978-3f3a-bd3e-6808798ef65e
[18:34:09] [Server thread/INFO]: GERMANDL joined the game
[18:34:09] [Server thread/INFO]: GERMANDL[/91.126.103.149:57162] logged in with entity id 117 at ([world]-29.679458306827506, 74.0, 77.26415416303405)
[18:34:41] [Server thread/INFO]: GERMANDL lost connection: Disconnected
[18:34:41] [Server thread/INFO]: GERMANDL left the game
