#
# There is insufficient memory for the Java Runtime Environment to continue.
# Native memory allocation (mmap) failed to map 1431699456 bytes. Error detail: committing reserved memory.
# Possible reasons:
#   The system is out of physical RAM or swap space
#   This process is running with CompressedOops enabled, and the Java Heap may be blocking the growth of the native heap
# Possible solutions:
#   Reduce memory load on the system
#   Increase physical memory or swap space
#   Check if swap backing store is full
#   Decrease Java heap size (-Xmx/-Xms)
#   Decrease number of Java threads
#   Decrease Java thread stack sizes (-Xss)
#   Set larger code cache with -XX:ReservedCodeCacheSize=
#   JVM is running with Unscaled Compressed Oops mode in which the Java heap is
#     placed in the first 4GB address space. The Java Heap base address is the
#     maximum limit for the native heap growth. Please use -XX:HeapBaseMinAddress
#     to set the Java Heap base and to place the Java Heap above 4GB virtual address.
# This output file may be truncated or incomplete.
#
#  Out of Memory Error (os_linux.cpp:2829), pid=347, tid=349
#
# JRE version:  (21.0.9+10) (build )
# Java VM: OpenJDK 64-Bit Server VM (21.0.9+10-LTS, mixed mode, sharing, tiered, compressed oops, compressed class ptrs, serial gc, linux-amd64)
# Core dump will be written. Default location: Core dumps may be processed with "/usr/share/apport/apport -p%p -s%s -c%c -d%d -P%P -u%u -g%g -F%F -- %E" (or dumping to /data/core.347)
#

---------------  S U M M A R Y ------------

Command Line: -Xmx2G -Xms2G /data/paper-1.20.4-499.jar

Host: Intel(R) Xeon(R) CPU E5-2686 v4 @ 2.30GHz, 15 cores, 957M, Ubuntu 24.04.3 LTS
Time: Wed Dec 10 17:44:45 2025 UTC elapsed time: 0.007636 seconds (0d 0h 0m 0s)

---------------  T H R E A D  ---------------

Current thread (0x000076fed802a600):  JavaThread "Unknown thread" [_thread_in_vm, id=349, stack(0x000076feddf56000,0x000076fede056000) (1024K)]

Stack: [0x000076feddf56000,0x000076fede056000],  sp=0x000076fede054440,  free space=1017k
Native frames: (J=compiled Java code, j=interpreted, Vv=VM code, C=native code)
V  [libjvm.so+0x10101b8]  VMError::report_and_die(int, char const*, char const*, __va_list_tag*, Thread*, unsigned char*, void*, void*, char const*, int, unsigned long)+0x2b8  (os_linux.cpp:2829)
V  [libjvm.so+0x1010c1d]
V  [libjvm.so+0x6becaf]
V  [libjvm.so+0xd0a451]  os::pd_commit_memory(char*, unsigned long, unsigned long, bool)+0xd1
V  [libjvm.so+0xd0369f]  os::commit_memory(char*, unsigned long, unsigned long, bool)+0x1f
V  [libjvm.so+0x100779b]  VirtualSpace::expand_by(unsigned long, bool)+0x15b
V  [libjvm.so+0x88da19]  Generation::Generation(ReservedSpace, unsigned long)+0x89
V  [libjvm.so+0xf818a1]  TenuredGeneration::TenuredGeneration(ReservedSpace, unsigned long, unsigned long, unsigned long, CardTableRS*)+0x41
V  [libjvm.so+0x88e36d]  GenerationSpec::init(ReservedSpace, CardTableRS*)+0x8d
V  [libjvm.so+0x87a3e1]  GenCollectedHeap::initialize()+0x1e1
V  [libjvm.so+0xfb2556]  universe_init()+0xd6
V  [libjvm.so+0x8e0e27]  init_globals()+0x37
V  [libjvm.so+0xf91735]  Threads::create_vm(JavaVMInitArgs*, bool*)+0x2b5
V  [libjvm.so+0x9b97ef]  JNI_CreateJavaVM+0x4f
C  [libjli.so+0x970b]  JavaMain+0x8b
C  [libjli.so+0xd259]  ThreadJavaMain+0x9
C  [libc.so.6+0x9caa4]

---------------  P R O C E S S  ---------------

Threads class SMR info:
_java_thread_list=0x000076fedf6be120, length=0, elements={
}

Java Threads: ( => current thread )
Total: 0

Other Threads:

=>0x000076fed802a600 (exited) JavaThread "Unknown thread"    [_thread_in_vm, id=349, stack(0x000076feddf56000,0x000076fede056000) (1024K)]
Total: 1

Threads with active compile tasks:
Total: 0

VM state: not at safepoint (not fully initialized)

VM Mutex/Monitor currently owned by a thread: None

Heap address: 0x0000000080000000, size: 2048 MB, Compressed Oops mode: 32-bit

CDS archive(s) mapped at: [0x0000000000000000-0x0000000000000000-0x0000000000000000), size 0, SharedBaseAddress: 0x0000000800000000, ArchiveRelocationMode: 1.
Narrow klass base: 0x0000000000000000, Narrow klass shift: 0, Narrow klass range: 0x0

GC Precious Log:
 CardTable entry size: 512

Heap:
 def new generation   total 629120K, used 0K [0x0000000080000000, 0x00000000aaaa0000, 0x00000000aaaa0000)
  eden space 559232K,   0% used [0x0000000080000000, 0x0000000080000000, 0x00000000a2220000)
  from space 69888K,   0% used [0x00000000a2220000, 0x00000000a2220000, 0x00000000a6660000)
  to   space 69888K,   0% used [0x00000000a6660000, 0x00000000a6660000, 0x00000000aaaa0000)

[error occurred during error reporting (printing heap information), id 0xb, SIGSEGV (0xb) at pc=0x000076fedeef9a1a]
GC Heap History (0 events):
No events

Dll operation events (1 events):
Event: 0.001 Loaded shared library /opt/java/openjdk/lib/libjava.so

Deoptimization events (0 events):
No events

Classes loaded (0 events):
No events

Classes unloaded (0 events):
No events

Classes redefined (0 events):
No events

Internal exceptions (0 events):
No events

ZGC Phase Switch (0 events):
No events

VM Operations (0 events):
No events

Memory protections (1 events):
Event: 0.001 Protecting memory [0x000076feddf56000,0x000076feddf5a000] with protection modes 0

Nmethod flushes (0 events):
No events

Events (0 events):
No events


Dynamic libraries:
80000000-aaaa0000 rw-p 00000000 00:00 0 
aaaa0000-100000000 ---p 00000000 00:00 0 
574f2d54e000-574f2d54f000 r-xp 00000000 00:27 806172                     /opt/java/openjdk/bin/java
574f2d550000-574f2d551000 r--p 00001000 00:27 806172                     /opt/java/openjdk/bin/java
574f2d551000-574f2d552000 rw-p 00002000 00:27 806172                     /opt/java/openjdk/bin/java
574f6c94c000-574f6c992000 rw-p 00000000 00:00 0                          [heap]
76fec2e00000-76fec3070000 rwxp 00000000 00:00 0 
76fec3070000-76feca338000 ---p 00000000 00:00 0 
76feca338000-76feca5a8000 rwxp 00000000 00:00 0 
76feca5a8000-76feca8c7000 ---p 00000000 00:00 0 
76feca8c7000-76fecab37000 rwxp 00000000 00:00 0 
76fecab37000-76fed1e00000 ---p 00000000 00:00 0 
76fed1fba000-76fed8000000 r--s 00000000 00:27 806473                     /opt/java/openjdk/lib/modules
76fed8000000-76fed806e000 rw-p 00000000 00:00 0 
76fed806e000-76fedc000000 ---p 00000000 00:00 0 
76fedd4bb000-76fedda7d000 rw-p 00000000 00:00 0 
76fedda7d000-76feddd29000 ---p 00000000 00:00 0 
76feddd29000-76feddd2e000 rw-p 00000000 00:00 0 
76feddd2e000-76fedde14000 ---p 00000000 00:00 0 
76fedde14000-76fedde19000 rw-p 00000000 00:00 0 
76fedde19000-76feddeff000 ---p 00000000 00:00 0 
76feddeff000-76feddf04000 rw-p 00000000 00:00 0 
76feddf04000-76feddf0b000 ---p 00000000 00:00 0 
76feddf0b000-76feddf2b000 r-xp 00000000 00:27 806450                     /opt/java/openjdk/lib/libjava.so
76feddf2b000-76feddf2c000 ---p 00020000 00:27 806450                     /opt/java/openjdk/lib/libjava.so
76feddf2c000-76feddf2d000 r--p 00020000 00:27 806450                     /opt/java/openjdk/lib/libjava.so
76feddf2d000-76feddf2e000 rw-p 00021000 00:27 806450                     /opt/java/openjdk/lib/libjava.so
76feddf2e000-76feddf2f000 rw-p 00000000 00:00 0 
76feddf2f000-76feddf37000 rw-s 00000000 00:27 1058215                    /tmp/hsperfdata_minecraft/347
76feddf37000-76feddf52000 r-xp 00000000 00:27 806454                     /opt/java/openjdk/lib/libjimage.so
76feddf52000-76feddf53000 ---p 0001b000 00:27 806454                     /opt/java/openjdk/lib/libjimage.so
76feddf53000-76feddf55000 r--p 0001b000 00:27 806454                     /opt/java/openjdk/lib/libjimage.so
76feddf55000-76feddf56000 rw-p 0001d000 00:27 806454                     /opt/java/openjdk/lib/libjimage.so
76feddf56000-76feddf5a000 ---p 00000000 00:00 0 
76feddf5a000-76fede056000 rw-p 00000000 00:00 0 
76fede056000-76fede066000 r--p 00000000 00:27 801302                     /usr/lib/x86_64-linux-gnu/libm.so.6
76fede066000-76fede0e5000 r-xp 00010000 00:27 801302                     /usr/lib/x86_64-linux-gnu/libm.so.6
76fede0e5000-76fede13d000 r--p 0008f000 00:27 801302                     /usr/lib/x86_64-linux-gnu/libm.so.6
76fede13d000-76fede13e000 r--p 000e7000 00:27 801302                     /usr/lib/x86_64-linux-gnu/libm.so.6
76fede13e000-76fede13f000 rw-p 000e8000 00:27 801302                     /usr/lib/x86_64-linux-gnu/libm.so.6
76fede13f000-76fede140000 r--p 00000000 00:27 801341                     /usr/lib/x86_64-linux-gnu/librt.so.1
76fede140000-76fede141000 r-xp 00001000 00:27 801341                     /usr/lib/x86_64-linux-gnu/librt.so.1
76fede141000-76fede142000 r--p 00002000 00:27 801341                     /usr/lib/x86_64-linux-gnu/librt.so.1
76fede142000-76fede143000 r--p 00002000 00:27 801341                     /usr/lib/x86_64-linux-gnu/librt.so.1
76fede143000-76fede144000 rw-p 00003000 00:27 801341                     /usr/lib/x86_64-linux-gnu/librt.so.1
76fede144000-76fedf561000 r-xp 00000000 00:27 806485                     /opt/java/openjdk/lib/server/libjvm.so
76fedf561000-76fedf636000 r--p 0141c000 00:27 806485                     /opt/java/openjdk/lib/server/libjvm.so
76fedf636000-76fedf666000 rw-p 014f1000 00:27 806485                     /opt/java/openjdk/lib/server/libjvm.so
76fedf666000-76fedf6ce000 rw-p 00000000 00:00 0 
76fedf6ce000-76fedf6f6000 r--p 00000000 00:27 801260                     /usr/lib/x86_64-linux-gnu/libc.so.6
76fedf6f6000-76fedf87e000 r-xp 00028000 00:27 801260                     /usr/lib/x86_64-linux-gnu/libc.so.6
76fedf87e000-76fedf8cd000 r--p 001b0000 00:27 801260                     /usr/lib/x86_64-linux-gnu/libc.so.6
76fedf8cd000-76fedf8d1000 r--p 001fe000 00:27 801260                     /usr/lib/x86_64-linux-gnu/libc.so.6
76fedf8d1000-76fedf8d3000 rw-p 00202000 00:27 801260                     /usr/lib/x86_64-linux-gnu/libc.so.6
76fedf8d3000-76fedf8e0000 rw-p 00000000 00:00 0 
76fedf8e0000-76fedf8e1000 r--p 00000000 00:27 801274                     /usr/lib/x86_64-linux-gnu/libdl.so.2
76fedf8e1000-76fedf8e2000 r-xp 00001000 00:27 801274                     /usr/lib/x86_64-linux-gnu/libdl.so.2
76fedf8e2000-76fedf8e3000 r--p 00002000 00:27 801274                     /usr/lib/x86_64-linux-gnu/libdl.so.2
76fedf8e3000-76fedf8e4000 r--p 00002000 00:27 801274                     /usr/lib/x86_64-linux-gnu/libdl.so.2
76fedf8e4000-76fedf8e5000 rw-p 00003000 00:27 801274                     /usr/lib/x86_64-linux-gnu/libdl.so.2
76fedf8e5000-76fedf8e6000 r--p 00000000 00:27 801339                     /usr/lib/x86_64-linux-gnu/libpthread.so.0
76fedf8e6000-76fedf8e7000 r-xp 00001000 00:27 801339                     /usr/lib/x86_64-linux-gnu/libpthread.so.0
76fedf8e7000-76fedf8e8000 r--p 00002000 00:27 801339                     /usr/lib/x86_64-linux-gnu/libpthread.so.0
76fedf8e8000-76fedf8e9000 r--p 00002000 00:27 801339                     /usr/lib/x86_64-linux-gnu/libpthread.so.0
76fedf8e9000-76fedf8ea000 rw-p 00003000 00:27 801339                     /usr/lib/x86_64-linux-gnu/libpthread.so.0
76fedf8eb000-76fedf8ec000 ---p 00000000 00:00 0 
76fedf8ec000-76fedf8ed000 r--p 00000000 00:00 0 
76fedf8ed000-76fedf8ee000 ---p 00000000 00:00 0 
76fedf8ee000-76fedf907000 r-xp 00000000 00:27 806455                     /opt/java/openjdk/lib/libjli.so
76fedf907000-76fedf908000 r--p 00018000 00:27 806455                     /opt/java/openjdk/lib/libjli.so
76fedf908000-76fedf909000 rw-p 00019000 00:27 806455                     /opt/java/openjdk/lib/libjli.so
76fedf909000-76fedf90b000 rw-p 00000000 00:00 0 
76fedf90b000-76fedf90d000 r--p 00000000 00:00 0                          [vvar]
76fedf90d000-76fedf90f000 r--p 00000000 00:00 0                          [vvar_vclock]
76fedf90f000-76fedf911000 r-xp 00000000 00:00 0                          [vdso]
76fedf911000-76fedf912000 r--p 00000000 00:27 801240                     /usr/lib/x86_64-linux-gnu/ld-linux-x86-64.so.2
76fedf912000-76fedf93d000 r-xp 00001000 00:27 801240                     /usr/lib/x86_64-linux-gnu/ld-linux-x86-64.so.2
76fedf93d000-76fedf947000 r--p 0002c000 00:27 801240                     /usr/lib/x86_64-linux-gnu/ld-linux-x86-64.so.2
76fedf947000-76fedf949000 r--p 00036000 00:27 801240                     /usr/lib/x86_64-linux-gnu/ld-linux-x86-64.so.2
76fedf949000-76fedf94b000 rw-p 00038000 00:27 801240                     /usr/lib/x86_64-linux-gnu/ld-linux-x86-64.so.2
7ffe7f404000-7ffe7f425000 rw-p 00000000 00:00 0                          [stack]
ffffffffff600000-ffffffffff601000 --xp 00000000 00:00 0                  [vsyscall]
Total number of mappings: 82

JVMTI agents: none


VM Arguments:
jvm_args: -Xmx2G -Xms2G 
java_command: /data/paper-1.20.4-499.jar
java_class_path (initial): /data/paper-1.20.4-499.jar
Launcher Type: SUN_STANDARD

[Global flags]
     intx CICompilerCount                          = 2                                         {product} {ergonomic}
   size_t InitialHeapSize                          = 2147483648                                {product} {command line}
   size_t MaxHeapSize                              = 2147483648                                {product} {command line}
   size_t MaxNewSize                               = 715784192                                 {product} {ergonomic}
   size_t MinHeapDeltaBytes                        = 196608                                    {product} {ergonomic}
   size_t MinHeapSize                              = 2147483648                                {product} {command line}
   size_t NewSize                                  = 715784192                                 {product} {ergonomic}
    uintx NonNMethodCodeHeapSize                   = 5826188                                {pd product} {ergonomic}
    uintx NonProfiledCodeHeapSize                  = 122916026                              {pd product} {ergonomic}
   size_t OldSize                                  = 1431699456                                {product} {ergonomic}
    uintx ProfiledCodeHeapSize                     = 122916026                              {pd product} {ergonomic}
    uintx ReservedCodeCacheSize                    = 251658240                              {pd product} {ergonomic}
     bool SegmentedCodeCache                       = true                                      {product} {ergonomic}
   size_t SoftMaxHeapSize                          = 2147483648                             {manageable} {ergonomic}
     bool UseCompressedOops                        = true                           {product lp64_product} {ergonomic}
     bool UseSerialGC                              = true                                      {product} {ergonomic}

Logging:
Log output configuration:
 #0: stdout all=warning uptime,level,tags foldmultilines=false
 #1: stderr all=off uptime,level,tags foldmultilines=false

Release file:
<release file has not been read>
Environment Variables:
JAVA_HOME=/opt/java/openjdk
PATH=/opt/java/openjdk/bin:/usr/local/sbin:/usr/local/bin:/usr/sbin:/usr/bin:/sbin:/bin
LANG=en_US.UTF-8
LC_ALL=en_US.UTF-8

Active Locale:
LC_ALL=C
LC_COLLATE=C
LC_CTYPE=C
LC_MESSAGES=C
LC_MONETARY=C
LC_NUMERIC=C
LC_TIME=C

Signal Handlers:
   SIGSEGV: crash_handler in libjvm.so, mask=11100100010111111101111111111110, flags=SA_RESTART|SA_SIGINFO, unblocked
    SIGBUS: crash_handler in libjvm.so, mask=11100100010111111101111111111110, flags=SA_RESTART|SA_SIGINFO, unblocked
    SIGFPE: crash_handler in libjvm.so, mask=11100100010111111101111111111110, flags=SA_RESTART|SA_SIGINFO, unblocked
   SIGPIPE: javaSignalHandler in libjvm.so, mask=11100100010111111101111111111110, flags=SA_RESTART|SA_SIGINFO, blocked
   SIGXFSZ: javaSignalHandler in libjvm.so, mask=11100100010111111101111111111110, flags=SA_RESTART|SA_SIGINFO, blocked
    SIGILL: crash_handler in libjvm.so, mask=11100100010111111101111111111110, flags=SA_RESTART|SA_SIGINFO, unblocked
   SIGUSR2: SR_handler in libjvm.so, mask=00000000000000000000000000000000, flags=SA_RESTART|SA_SIGINFO, blocked
    SIGHUP: SIG_DFL, mask=00000000000000000000000000000000, flags=none, blocked
    SIGINT: SIG_DFL, mask=00000000000000000000000000000000, flags=none, blocked
   SIGTERM: SIG_DFL, mask=00000000000000000000000000000000, flags=none, blocked
   SIGQUIT: UserHandler in libjvm.so, mask=11100100010111111101111111111110, flags=SA_RESTART|SA_SIGINFO, blocked
   SIGTRAP: crash_handler in libjvm.so, mask=11100100010111111101111111111110, flags=SA_RESTART|SA_SIGINFO, unblocked


Periodic native trim disabled

---------------  S Y S T E M  ---------------

OS:
DISTRIB_ID=Ubuntu
DISTRIB_RELEASE=24.04
DISTRIB_CODENAME=noble
DISTRIB_DESCRIPTION="Ubuntu 24.04.3 LTS"
uname: Linux 6.14.0-1018-aws #18~24.04.1-Ubuntu SMP Mon Nov 24 19:46:27 UTC 2025 x86_64
OS uptime: 0 days 0:04 hours
libc: glibc 2.39 NPTL 2.39 
rlimit (soft/hard): STACK 8192k/infinity , CORE infinity/infinity , NPROC infinity/infinity , NOFILE 524288/524288 , AS infinity/infinity , CPU infinity/infinity , DATA infinity/infinity , FSIZE infinity/infinity , MEMLOCK 8192k/8192k
load average: 2.62 1.76 0.77

/proc/meminfo:
MemTotal:         980296 kB
MemFree:          125600 kB
MemAvailable:     228132 kB
Buffers:            3068 kB
Cached:           243564 kB
SwapCached:            0 kB
Active:           302644 kB
Inactive:         360580 kB
Active(anon):     218020 kB
Inactive(anon):   223792 kB
Active(file):      84624 kB
Inactive(file):   136788 kB
Unevictable:       40248 kB
Mlocked:           27284 kB
SwapTotal:             0 kB
SwapFree:              0 kB
Zswap:                 0 kB
Zswapped:              0 kB
Dirty:               564 kB
Writeback:             0 kB
AnonPages:        456896 kB
Mapped:           114356 kB
Shmem:              3532 kB
KReclaimable:      17800 kB
Slab:              68300 kB
SReclaimable:      17800 kB
SUnreclaim:        50500 kB
KernelStack:        4624 kB
PageTables:        11888 kB
SecPageTables:         0 kB
NFS_Unstable:          0 kB
Bounce:                0 kB
WritebackTmp:          0 kB
CommitLimit:      490148 kB
Committed_AS:    2962536 kB
VmallocTotal:   34359738367 kB
VmallocUsed:       11928 kB
VmallocChunk:          0 kB
Percpu:             8128 kB
HardwareCorrupted:     0 kB
AnonHugePages:         0 kB
ShmemHugePages:        0 kB
ShmemPmdMapped:        0 kB
FileHugePages:         0 kB
FilePmdMapped:         0 kB
Unaccepted:            0 kB
HugePages_Total:       0
HugePages_Free:        0
HugePages_Rsvd:        0
HugePages_Surp:        0
Hugepagesize:       2048 kB
Hugetlb:               0 kB
DirectMap4k:       79872 kB
DirectMap2M:      968704 kB

/sys/kernel/mm/transparent_hugepage/enabled: always [madvise] never
/sys/kernel/mm/transparent_hugepage/hpage_pmd_size: 2097152
/sys/kernel/mm/transparent_hugepage/defrag (defrag/compaction efforts parameter): always defer defer+madvise [madvise] never

Process Memory:
Virtual Size: 2544892K (peak: 2544892K)
Resident Set Size: 20528K (peak: 20528K) (anon: 7984K, file: 12544K, shmem: 0K)
Swapped out: 0K
C-Heap outstanding allocations: 5054K, retained: 217K
glibc malloc tunables: (default)

/proc/sys/kernel/threads-max (system-wide limit on the number of threads): 7478
/proc/sys/vm/max_map_count (maximum number of memory map areas a process may have): 1048576
/proc/sys/vm/swappiness (control to define how aggressively the kernel swaps out anonymous memory): 60
/proc/sys/kernel/pid_max (system-wide limit on number of process identifiers): 4194304

container information not found.
Xen hardware-assisted virtualization detected
Steal ticks since vm start: 1
Steal ticks percentage since vm start:  0.200

CPU: total 15 (initial active 1) (1 cores per cpu, 1 threads per core) family 6 model 79 stepping 1 microcode 0xd000404, cx8, cmov, fxsr, mmx, sse, sse2, sse3, ssse3, sse4.1, sse4.2, popcnt, lzcnt, tsc, avx, avx2, aes, erms, clmul, bmi1, bmi2, fma, vzeroupper, clflush, hv, rdtscp, f16c
CPU Model and flags from /proc/cpuinfo:
model name	: Intel(R) Xeon(R) CPU E5-2686 v4 @ 2.30GHz
flags		: fpu vme de pse tsc msr pae mce cx8 apic sep mtrr pge mca cmov pat pse36 clflush mmx fxsr sse sse2 ht syscall nx rdtscp lm constant_tsc rep_good nopl xtopology cpuid tsc_known_freq pni pclmulqdq ssse3 fma cx16 pcid sse4_1 sse4_2 x2apic movbe popcnt tsc_deadline_timer aes xsave avx f16c rdrand hypervisor lahf_lm abm pti fsgsbase bmi1 avx2 smep bmi2 erms invpcid xsaveopt

Online cpus: 0
Offline cpus: 1-14
BIOS frequency limitation: <Not Available>
Frequency switch latency (ns): <Not Available>
Available cpu frequencies: <Not Available>
Current governor: <Not Available>
Core performance/turbo boost: <Not Available>

Memory: 4k page, physical 980296k(228132k free), swap 0k(0k free)
Page Sizes: 4k

vm_info: OpenJDK 64-Bit Server VM (21.0.9+10-LTS) for linux-amd64 JRE (21.0.9+10-LTS), built on 2025-10-21T00:00:00Z by "admin" with gcc 11.3.0

END.
